present_time Collisions Collision_rate
0.000000 0 0
1.000000 0 0
2.000000 1 0.5
3.000000 4 1.33333
4.000000 7 1.75
5.000000 12 2.4
6.000000 15 2.5
7.000000 18 2.57143
8.000000 19 2.375
9.000000 22 2.44444
10.000000 23 2.3
11.000000 26 2.36364
12.000000 29 2.41667
13.000000 29 2.23077
14.000000 31 2.21429
15.000000 33 2.2
16.000000 33 2.0625
17.000000 35 2.05882
18.000000 36 2
19.000000 36 1.89474
20.000000 36 1.8
21.000000 36 1.71429
22.000000 37 1.68182
23.000000 38 1.65217
24.000000 39 1.625
25.000000 40 1.6
26.000000 40 1.53846
27.000000 41 1.51852
28.000000 43 1.53571
29.000000 46 1.58621
30.000000 48 1.6
31.000000 50 1.6129
32.000000 51 1.59375
33.000000 54 1.63636
34.000000 58 1.70588
35.000000 61 1.74286
36.000000 61 1.69444
37.000000 61 1.64865
38.000000 61 1.60526
39.000000 63 1.61538
40.000000 64 1.6
41.000000 66 1.60976
42.000000 68 1.61905
43.000000 72 1.67442
44.000000 76 1.72727
45.000000 80 1.77778
46.000000 82 1.78261
47.000000 87 1.85106
48.000000 90 1.875
49.000000 95 1.93878
50.000000 99 1.98
51.000000 102 2
52.000000 106 2.03846
53.000000 110 2.07547
54.000000 112 2.07407
55.000000 114 2.07273
56.000000 118 2.10714
57.000000 122 2.14035
58.000000 124 2.13793
59.000000 128 2.16949
60.000000 131 2.18333
61.000000 135 2.21311
62.000000 137 2.20968
63.000000 137 2.1746
64.000000 137 2.14062
65.000000 138 2.12308
66.000000 138 2.09091
67.000000 139 2.07463
68.000000 141 2.07353
69.000000 143 2.07246
70.000000 144 2.05714
71.000000 144 2.02817
72.000000 144 2
73.000000 145 1.9863
74.000000 145 1.95946
75.000000 147 1.96
76.000000 149 1.96053
77.000000 151 1.96104
78.000000 153 1.96154
79.000000 154 1.94937
80.000000 154 1.925
81.000000 156 1.92593
82.000000 156 1.90244
83.000000 156 1.87952
84.000000 156 1.85714
85.000000 156 1.83529
86.000000 156 1.81395
87.000000 157 1.8046
88.000000 158 1.79545
89.000000 159 1.78652
90.000000 160 1.77778
91.000000 161 1.76923
92.000000 162 1.76087
93.000000 163 1.75269
94.000000 163 1.73404
95.000000 164 1.72632
96.000000 165 1.71875
97.000000 167 1.72165
98.000000 169 1.72449
99.000000 170 1.71717
100.000000 170 1.7
101.000000 172 1.70297
102.000000 173 1.69608
103.000000 173 1.67961
104.000000 173 1.66346
105.000000 175 1.66667
106.000000 177 1.66981
107.000000 177 1.65421
108.000000 178 1.64815
109.000000 178 1.63303
110.000000 178 1.61818
111.000000 180 1.62162
112.000000 182 1.625
113.000000 183 1.61947
114.000000 185 1.62281
115.000000 187 1.62609
116.000000 189 1.62931
117.000000 191 1.63248
118.000000 194 1.64407
119.000000 196 1.64706
120.000000 198 1.65
121.000000 199 1.64463
122.000000 199 1.63115
123.000000 200 1.62602
124.000000 202 1.62903
125.000000 204 1.632
126.000000 206 1.63492
127.000000 208 1.6378
128.000000 210 1.64062
129.000000 212 1.64341
130.000000 213 1.63846
131.000000 214 1.63359
132.000000 215 1.62879
133.000000 217 1.63158
134.000000 217 1.6194
135.000000 218 1.61481
136.000000 218 1.60294
137.000000 219 1.59854
138.000000 220 1.5942
139.000000 221 1.58993
140.000000 221 1.57857
141.000000 221 1.56738
142.000000 221 1.55634
143.000000 221 1.54545
144.000000 222 1.54167
145.000000 225 1.55172
146.000000 227 1.55479
147.000000 228 1.55102
148.000000 230 1.55405
149.000000 231 1.55034
150.000000 232 1.54667
151.000000 232 1.53642
152.000000 232 1.52632
153.000000 232 1.51634
154.000000 233 1.51299
155.000000 234 1.50968
156.000000 235 1.50641
157.000000 237 1.50955
158.000000 238 1.50633
159.000000 240 1.50943
160.000000 243 1.51875
161.000000 245 1.52174
162.000000 247 1.52469
163.000000 248 1.52147
164.000000 250 1.52439
165.000000 252 1.52727
166.000000 253 1.5241
167.000000 255 1.52695
168.000000 255 1.51786
169.000000 255 1.50888
170.000000 256 1.50588
171.000000 256 1.49708
172.000000 257 1.49419
173.000000 260 1.50289
174.000000 261 1.5
175.000000 262 1.49714
176.000000 262 1.48864
177.000000 263 1.48588
178.000000 263 1.47753
179.000000 263 1.46927
180.000000 263 1.46111
181.000000 264 1.45856
182.000000 264 1.45055
183.000000 264 1.44262
184.000000 264 1.43478
185.000000 264 1.42703
186.000000 266 1.43011
187.000000 268 1.43316
188.000000 269 1.43085
189.000000 270 1.42857
190.000000 271 1.42632
191.000000 272 1.42408
192.000000 272 1.41667
193.000000 273 1.41451
194.000000 274 1.41237
195.000000 275 1.41026
196.000000 275 1.40306
197.000000 275 1.39594
198.000000 277 1.39899
199.000000 278 1.39698
200.000000 279 1.395
201.000000 281 1.39801
202.000000 281 1.39109
203.000000 281 1.38424
204.000000 281 1.37745
205.000000 281 1.37073
206.000000 281 1.36408
207.000000 281 1.35749
208.000000 281 1.35096
209.000000 282 1.34928
210.000000 284 1.35238
211.000000 285 1.35071
212.000000 287 1.35377
213.000000 290 1.3615
214.000000 291 1.35981
215.000000 291 1.35349
216.000000 293 1.35648
217.000000 295 1.35945
218.000000 296 1.3578
219.000000 298 1.36073
220.000000 299 1.35909
221.000000 299 1.35294
222.000000 300 1.35135
223.000000 300 1.34529
224.000000 302 1.34821
225.000000 304 1.35111
226.000000 305 1.34956
227.000000 306 1.34802
228.000000 307 1.34649
229.000000 309 1.34934
230.000000 309 1.34348
231.000000 309 1.33766
232.000000 309 1.3319
233.000000 309 1.32618
234.000000 309 1.32051
235.000000 309 1.31489
236.000000 310 1.31356
237.000000 310 1.30802
238.000000 311 1.30672
239.000000 312 1.30544
240.000000 313 1.30417
241.000000 313 1.29876
242.000000 313 1.29339
243.000000 313 1.28807
244.000000 313 1.28279
245.000000 313 1.27755
246.000000 313 1.27236
247.000000 313 1.26721
248.000000 313 1.2621
249.000000 314 1.26104
250.000000 315 1.26
251.000000 316 1.25896
252.000000 317 1.25794
253.000000 317 1.25296
254.000000 317 1.24803
255.000000 317 1.24314
256.000000 318 1.24219
257.000000 318 1.23735
258.000000 319 1.23643
259.000000 321 1.23938
260.000000 321 1.23462
261.000000 321 1.22989
262.000000 321 1.22519
263.000000 321 1.22053
264.000000 321 1.21591
265.000000 321 1.21132
266.000000 321 1.20677
267.000000 321 1.20225
268.000000 321 1.19776
269.000000 322 1.19703
270.000000 322 1.19259
271.000000 323 1.19188
272.000000 323 1.1875
273.000000 323 1.18315
274.000000 323 1.17883
275.000000 323 1.17455
276.000000 324 1.17391
277.000000 325 1.17329
278.000000 325 1.16906
279.000000 327 1.17204
280.000000 329 1.175
281.000000 330 1.17438
282.000000 331 1.17376
283.000000 331 1.16961
284.000000 331 1.16549
285.000000 331 1.1614
286.000000 332 1.16084
287.000000 332 1.15679
288.000000 332 1.15278
289.000000 332 1.14879
290.000000 334 1.15172
291.000000 335 1.1512
292.000000 336 1.15068
293.000000 338 1.15358
294.000000 340 1.15646
295.000000 343 1.16271
296.000000 345 1.16554
297.000000 348 1.17172
298.000000 350 1.1745
299.000000 352 1.17726
300.000000 354 1.18
301.000000 356 1.18272
302.000000 357 1.18212
303.000000 357 1.17822
304.000000 357 1.17434
305.000000 357 1.17049
306.000000 357 1.16667
307.000000 357 1.16287
308.000000 357 1.15909
309.000000 357 1.15534
310.000000 357 1.15161
311.000000 357 1.14791
312.000000 357 1.14423
313.000000 358 1.14377
314.000000 358 1.14013
315.000000 360 1.14286
316.000000 360 1.13924
317.000000 360 1.13565
318.000000 361 1.13522
319.000000 362 1.1348
320.000000 363 1.13437
321.000000 363 1.13084
322.000000 364 1.13043
323.000000 365 1.13003
324.000000 367 1.13272
325.000000 368 1.13231
326.000000 370 1.13497
327.000000 370 1.1315
328.000000 372 1.13415
329.000000 375 1.13982
330.000000 376 1.13939
331.000000 377 1.13897
332.000000 379 1.14157
333.000000 381 1.14414
334.000000 384 1.1497
335.000000 386 1.15224
336.000000 386 1.14881
337.000000 387 1.14837
338.000000 387 1.14497
339.000000 388 1.14454
340.000000 389 1.14412
341.000000 389 1.14076
342.000000 389 1.13743
343.000000 389 1.13411
344.000000 389 1.13081
345.000000 391 1.13333
346.000000 393 1.13584
347.000000 393 1.13256
348.000000 393 1.12931
349.000000 395 1.13181
350.000000 395 1.12857
351.000000 395 1.12536
352.000000 395 1.12216
353.000000 395 1.11898
354.000000 395 1.11582
355.000000 395 1.11268
356.000000 395 1.10955
357.000000 395 1.10644
358.000000 396 1.10615
359.000000 397 1.10585
360.000000 397 1.10278
361.000000 397 1.09972
362.000000 397 1.09669
363.000000 397 1.09366
364.000000 397 1.09066
365.000000 397 1.08767
366.000000 397 1.0847
367.000000 397 1.08174
368.000000 397 1.0788
369.000000 397 1.07588
370.000000 397 1.07297
371.000000 397 1.07008
372.000000 397 1.0672
373.000000 397 1.06434
374.000000 398 1.06417
375.000000 398 1.06133
376.000000 398 1.05851
377.000000 398 1.0557
378.000000 399 1.05556
379.000000 399 1.05277
380.000000 400 1.05263
381.000000 400 1.04987
382.000000 401 1.04974
383.000000 401 1.047
384.000000 401 1.04427
385.000000 403 1.04675
386.000000 405 1.04922
387.000000 405 1.04651
388.000000 406 1.04639
389.000000 406 1.0437
390.000000 406 1.04103
391.000000 406 1.03836
392.000000 406 1.03571
393.000000 406 1.03308
394.000000 406 1.03046
395.000000 406 1.02785
396.000000 406 1.02525
397.000000 406 1.02267
398.000000 406 1.0201
399.000000 406 1.01754
400.000000 406 1.015
401.000000 407 1.01496
402.000000 408 1.01493
403.000000 409 1.01489
404.000000 409 1.01238
405.000000 409 1.00988
406.000000 409 1.00739
407.000000 409 1.00491
408.000000 409 1.00245
409.000000 409 1
410.000000 410 1
411.000000 412 1.00243
412.000000 414 1.00485
413.000000 416 1.00726
414.000000 419 1.01208
415.000000 421 1.01446
416.000000 422 1.01442
417.000000 423 1.01439
418.000000 424 1.01435
419.000000 424 1.01193
420.000000 425 1.0119
421.000000 425 1.0095
422.000000 425 1.00711
423.000000 426 1.00709
424.000000 427 1.00708
425.000000 428 1.00706
426.000000 429 1.00704
427.000000 429 1.00468
428.000000 429 1.00234
429.000000 429 1
430.000000 430 1
431.000000 430 0.99768
432.000000 430 0.99537
433.000000 430 0.993072
434.000000 430 0.990783
435.000000 431 0.990805
436.000000 432 0.990826
437.000000 434 0.993135
438.000000 435 0.993151
439.000000 435 0.990888
440.000000 436 0.990909
441.000000 437 0.99093
442.000000 438 0.99095
443.000000 440 0.993228
444.000000 441 0.993243
445.000000 443 0.995506
446.000000 446 1
447.000000 447 1
448.000000 448 1
449.000000 448 0.997773
450.000000 449 0.997778
451.000000 450 0.997783
452.000000 450 0.995575
453.000000 452 0.997792
454.000000 454 1
455.000000 454 0.997802
456.000000 454 0.995614
457.000000 455 0.995624
458.000000 456 0.995633
459.000000 457 0.995643
460.000000 458 0.995652
461.000000 458 0.993492
462.000000 458 0.991342
463.000000 459 0.991361
464.000000 460 0.991379
465.000000 460 0.989247
466.000000 460 0.987124
467.000000 460 0.985011
468.000000 462 0.987179
469.000000 463 0.987207
470.000000 464 0.987234
471.000000 464 0.985138
472.000000 464 0.983051
473.000000 464 0.980973
474.000000 464 0.978903
475.000000 464 0.976842
476.000000 464 0.97479
477.000000 465 0.974843
478.000000 466 0.974895
479.000000 466 0.97286
480.000000 466 0.970833
481.000000 467 0.970894
482.000000 468 0.970954
483.000000 469 0.971014
484.000000 470 0.971074
485.000000 471 0.971134
486.000000 471 0.969136
487.000000 472 0.969199
488.000000 474 0.971311
489.000000 476 0.973415
490.000000 478 0.97551
491.000000 479 0.97556
492.000000 480 0.97561
493.000000 481 0.975659
494.000000 481 0.973684
495.000000 481 0.971717
496.000000 481 0.969758
497.000000 481 0.967807
498.000000 481 0.965863
499.000000 481 0.963928
500.000000 481 0.962
501.000000 481 0.96008
502.000000 481 0.958167
503.000000 481 0.956262
504.000000 481 0.954365
505.000000 481 0.952475
506.000000 481 0.950593
507.000000 481 0.948718
508.000000 482 0.948819
509.000000 482 0.946955
510.000000 483 0.947059
511.000000 483 0.945205
512.000000 484 0.945312
513.000000 485 0.945419
514.000000 485 0.94358
515.000000 485 0.941748
516.000000 485 0.939922
517.000000 485 0.938104
518.000000 485 0.936293
519.000000 485 0.934489
520.000000 485 0.932692
521.000000 485 0.930902
522.000000 485 0.929119
523.000000 486 0.929254
524.000000 487 0.929389
525.000000 488 0.929524
526.000000 489 0.929658
527.000000 489 0.927894
528.000000 489 0.926136
529.000000 489 0.924386
530.000000 489 0.922642
531.000000 489 0.920904
532.000000 489 0.919173
533.000000 489 0.917448
534.000000 489 0.91573
535.000000 489 0.914019
536.000000 490 0.914179
537.000000 490 0.912477
538.000000 490 0.910781
539.000000 490 0.909091
540.000000 490 0.907407
541.000000 490 0.90573
542.000000 490 0.904059
543.000000 490 0.902394
544.000000 490 0.900735
545.000000 490 0.899083
546.000000 490 0.897436
547.000000 490 0.895795
548.000000 490 0.894161
549.000000 491 0.894353
550.000000 491 0.892727
551.000000 491 0.891107
552.000000 491 0.889493
553.000000 491 0.887884
554.000000 493 0.889892
555.000000 494 0.89009
556.000000 495 0.890288
557.000000 495 0.888689
558.000000 495 0.887097
559.000000 495 0.88551
560.000000 495 0.883929
561.000000 495 0.882353
562.000000 495 0.880783
563.000000 495 0.879218
564.000000 495 0.87766
565.000000 496 0.877876
566.000000 497 0.878092
567.000000 498 0.878307
568.000000 498 0.876761
569.000000 498 0.87522
570.000000 498 0.873684
571.000000 499 0.873905
572.000000 500 0.874126
573.000000 501 0.874346
574.000000 502 0.874564
575.000000 502 0.873043
576.000000 502 0.871528
577.000000 502 0.870017
578.000000 503 0.870242
579.000000 504 0.870466
580.000000 504 0.868966
581.000000 504 0.86747
582.000000 504 0.865979
583.000000 504 0.864494
584.000000 504 0.863014
585.000000 504 0.861538
586.000000 504 0.860068
587.000000 504 0.858603
588.000000 504 0.857143
589.000000 504 0.855688
590.000000 504 0.854237
591.000000 504 0.852792
592.000000 504 0.851351
593.000000 504 0.849916
594.000000 504 0.848485
595.000000 505 0.848739
596.000000 506 0.848993
597.000000 507 0.849246
598.000000 508 0.849498
599.000000 509 0.84975
600.000000 509 0.848333
601.000000 510 0.848586
602.000000 510 0.847176
603.000000 510 0.845771
604.000000 510 0.844371
605.000000 510 0.842975
606.000000 510 0.841584
607.000000 510 0.840198
608.000000 510 0.838816
609.000000 510 0.837438
610.000000 510 0.836066
611.000000 510 0.834697
612.000000 510 0.833333
613.000000 510 0.831974
614.000000 510 0.830619
615.000000 510 0.829268
616.000000 510 0.827922
617.000000 510 0.82658
618.000000 510 0.825243
619.000000 510 0.82391
620.000000 510 0.822581
621.000000 510 0.821256
622.000000 510 0.819936
623.000000 510 0.81862
624.000000 510 0.817308
625.000000 510 0.816
626.000000 510 0.814696
627.000000 510 0.813397
628.000000 510 0.812102
629.000000 510 0.810811
630.000000 510 0.809524
631.000000 510 0.808241
632.000000 510 0.806962
633.000000 510 0.805687
634.000000 510 0.804416
635.000000 510 0.80315
636.000000 510 0.801887
637.000000 510 0.800628
638.000000 510 0.799373
639.000000 510 0.798122
640.000000 510 0.796875
641.000000 511 0.797192
642.000000 512 0.797508
643.000000 513 0.797823
644.000000 514 0.798137
645.000000 515 0.79845
646.000000 516 0.798762
647.000000 516 0.797527
648.000000 516 0.796296
649.000000 516 0.795069
650.000000 516 0.793846
651.000000 516 0.792627
652.000000 517 0.792945
653.000000 518 0.793262
654.000000 519 0.793578
655.000000 519 0.792366
656.000000 519 0.791159
657.000000 519 0.789954
658.000000 519 0.788754
659.000000 519 0.787557
660.000000 519 0.786364
661.000000 519 0.785174
662.000000 519 0.783988
663.000000 519 0.782805
664.000000 519 0.781627
665.000000 519 0.780451
666.000000 519 0.779279
667.000000 519 0.778111
668.000000 519 0.776946
669.000000 519 0.775785
670.000000 520 0.776119
671.000000 520 0.774963
672.000000 521 0.775298
673.000000 522 0.775632
674.000000 522 0.774481
675.000000 522 0.773333
676.000000 522 0.772189
677.000000 522 0.771049
678.000000 522 0.769912
679.000000 522 0.768778
680.000000 522 0.767647
681.000000 522 0.76652
682.000000 522 0.765396
683.000000 522 0.764275
684.000000 522 0.763158
685.000000 522 0.762044
686.000000 522 0.760933
687.000000 523 0.761281
688.000000 523 0.760174
689.000000 523 0.759071
690.000000 523 0.757971
691.000000 523 0.756874
692.000000 523 0.75578
693.000000 523 0.75469
694.000000 523 0.753602
695.000000 523 0.752518
696.000000 523 0.751437
697.000000 523 0.750359
698.000000 523 0.749284
699.000000 523 0.748212
700.000000 523 0.747143
701.000000 523 0.746077
702.000000 523 0.745014
703.000000 523 0.743954
704.000000 523 0.742898
705.000000 523 0.741844
706.000000 523 0.740793
707.000000 523 0.739745
708.000000 524 0.740113
709.000000 524 0.739069
710.000000 524 0.738028
711.000000 524 0.73699
712.000000 524 0.735955
713.000000 524 0.734923
714.000000 524 0.733894
715.000000 524 0.732867
716.000000 524 0.731844
717.000000 524 0.730823
718.000000 524 0.729805
719.000000 524 0.72879
720.000000 524 0.727778
721.000000 524 0.726768
722.000000 524 0.725762
723.000000 524 0.724758
724.000000 524 0.723757
725.000000 524 0.722759
726.000000 524 0.721763
727.000000 524 0.72077
728.000000 524 0.71978
729.000000 524 0.718793
730.000000 524 0.717808
731.000000 524 0.716826
732.000000 524 0.715847
733.000000 524 0.71487
734.000000 524 0.713896
735.000000 525 0.714286
736.000000 525 0.713315
737.000000 525 0.712347
738.000000 525 0.711382
739.000000 525 0.710419
740.000000 525 0.709459
741.000000 525 0.708502
742.000000 526 0.708895
743.000000 526 0.707941
744.000000 526 0.706989
745.000000 527 0.707383
746.000000 528 0.707775
747.000000 529 0.708166
748.000000 529 0.707219
749.000000 529 0.706275
750.000000 529 0.705333
751.000000 529 0.704394
752.000000 529 0.703457
753.000000 529 0.702523
754.000000 529 0.701592
755.000000 529 0.700662
756.000000 530 0.701058
757.000000 530 0.700132
758.000000 530 0.699208
759.000000 530 0.698287
760.000000 531 0.698684
761.000000 532 0.69908
762.000000 533 0.699475
763.000000 534 0.699869
764.000000 535 0.700262
765.000000 536 0.700654
766.000000 536 0.699739
767.000000 538 0.701434
768.000000 539 0.701823
769.000000 539 0.70091
770.000000 539 0.7
771.000000 539 0.699092
772.000000 539 0.698187
773.000000 539 0.697283
774.000000 540 0.697674
775.000000 541 0.698065
776.000000 542 0.698454
777.000000 543 0.698842
778.000000 544 0.699229
779.000000 544 0.698331
780.000000 545 0.698718
781.000000 546 0.699104
782.000000 547 0.699488
783.000000 547 0.698595
784.000000 547 0.697704
785.000000 547 0.696815
786.000000 547 0.695929
787.000000 547 0.695044
788.000000 550 0.69797
789.000000 552 0.69962
790.000000 554 0.701266
791.000000 554 0.700379
792.000000 554 0.699495
793.000000 555 0.699874
794.000000 556 0.700252
795.000000 557 0.700629
796.000000 558 0.701005
797.000000 559 0.70138
798.000000 561 0.703008
799.000000 562 0.703379
800.000000 563 0.70375
801.000000 565 0.705368
802.000000 566 0.705736
803.000000 567 0.706102
804.000000 568 0.706468
805.000000 569 0.706832
806.000000 572 0.709677
807.000000 574 0.711276
808.000000 575 0.711634
809.000000 576 0.71199
810.000000 578 0.71358
811.000000 579 0.713933
812.000000 580 0.714286
813.000000 581 0.714637
814.000000 583 0.716216
815.000000 584 0.716564
816.000000 584 0.715686
817.000000 584 0.71481
818.000000 585 0.715159
819.000000 585 0.714286
820.000000 585 0.713415
821.000000 585 0.712546
822.000000 585 0.711679
823.000000 586 0.712029
824.000000 587 0.712379
825.000000 588 0.712727
826.000000 588 0.711864
827.000000 588 0.711004
828.000000 588 0.710145
829.000000 588 0.709288
830.000000 588 0.708434
831.000000 589 0.708785
832.000000 590 0.709135
833.000000 591 0.709484
834.000000 593 0.711031
835.000000 595 0.712575
836.000000 596 0.712919
837.000000 598 0.714456
838.000000 599 0.714797
839.000000 600 0.715137
840.000000 601 0.715476
841.000000 602 0.715815
842.000000 603 0.716152
843.000000 604 0.716489
844.000000 604 0.71564
845.000000 604 0.714793
846.000000 605 0.71513
847.000000 605 0.714286
848.000000 605 0.713443
849.000000 607 0.714959
850.000000 607 0.714118
851.000000 608 0.714454
852.000000 610 0.715962
853.000000 610 0.715123
854.000000 610 0.714286
855.000000 611 0.71462
856.000000 611 0.713785
857.000000 611 0.712952
858.000000 613 0.714452
859.000000 614 0.714785
860.000000 615 0.715116
861.000000 616 0.715447
862.000000 617 0.715777
863.000000 620 0.718424
864.000000 621 0.71875
865.000000 622 0.719075
866.000000 623 0.7194
867.000000 625 0.720877
868.000000 626 0.721198
869.000000 626 0.720368
870.000000 626 0.71954
871.000000 626 0.718714
872.000000 626 0.71789
873.000000 626 0.717068
874.000000 626 0.716247
875.000000 627 0.716571
876.000000 627 0.715753
877.000000 627 0.714937
878.000000 628 0.715262
879.000000 628 0.714448
880.000000 628 0.713636
881.000000 628 0.712826
882.000000 628 0.712018
883.000000 628 0.711212
884.000000 628 0.710407
885.000000 629 0.710734
886.000000 630 0.711061
887.000000 631 0.711387
888.000000 632 0.711712
889.000000 632 0.710911
890.000000 632 0.710112
891.000000 632 0.709315
892.000000 632 0.70852
893.000000 632 0.707727
894.000000 632 0.706935
895.000000 632 0.706145
896.000000 632 0.705357
897.000000 632 0.704571
898.000000 632 0.703786
899.000000 632 0.703003
900.000000 632 0.702222
901.000000 632 0.701443
902.000000 632 0.700665
903.000000 632 0.699889
904.000000 632 0.699115
905.000000 632 0.698343
906.000000 632 0.697572
907.000000 632 0.696803
908.000000 633 0.697137
909.000000 634 0.69747
910.000000 635 0.697802
911.000000 636 0.698134
912.000000 638 0.699561
913.000000 638 0.698795
914.000000 638 0.698031
915.000000 638 0.697268
916.000000 638 0.696507
917.000000 640 0.697928
918.000000 640 0.697168
919.000000 642 0.698585
920.000000 642 0.697826
921.000000 644 0.69924
922.000000 645 0.699566
923.000000 646 0.699892
924.000000 647 0.700216
925.000000 648 0.700541
926.000000 649 0.700864
927.000000 650 0.701187
928.000000 651 0.701509
929.000000 652 0.70183
930.000000 653 0.702151
931.000000 654 0.70247
932.000000 655 0.70279
933.000000 656 0.703108
934.000000 658 0.704497
935.000000 661 0.706952
936.000000 662 0.707265
937.000000 662 0.70651
938.000000 663 0.706823
939.000000 664 0.707135
940.000000 665 0.707447
941.000000 666 0.707758
942.000000 666 0.707006
943.000000 666 0.706257
944.000000 666 0.705508
945.000000 667 0.70582
946.000000 668 0.706131
947.000000 668 0.705385
948.000000 668 0.704641
949.000000 668 0.703899
950.000000 668 0.703158
951.000000 668 0.702419
952.000000 668 0.701681
953.000000 668 0.700944
954.000000 669 0.701258
955.000000 670 0.701571
956.000000 670 0.700837
957.000000 671 0.701149
958.000000 672 0.701461
959.000000 672 0.70073
960.000000 672 0.7
961.000000 674 0.701353
962.000000 675 0.701663
963.000000 676 0.701973
964.000000 677 0.702282
965.000000 678 0.702591
966.000000 678 0.701863
967.000000 678 0.701138
968.000000 678 0.700413
969.000000 679 0.700722
970.000000 679 0.7
971.000000 679 0.699279
972.000000 679 0.69856
973.000000 679 0.697842
974.000000 680 0.698152
975.000000 681 0.698462
976.000000 682 0.69877
977.000000 683 0.699079
978.000000 683 0.698364
979.000000 683 0.697651
980.000000 683 0.696939
981.000000 684 0.697248
982.000000 685 0.697556
983.000000 686 0.697864
984.000000 686 0.697154
985.000000 687 0.697462
986.000000 688 0.697769
987.000000 689 0.698075
988.000000 690 0.698381
989.000000 691 0.698686
990.000000 692 0.69899
991.000000 692 0.698285
992.000000 692 0.697581
993.000000 693 0.697885
994.000000 694 0.698189
995.000000 695 0.698492
996.000000 697 0.699799
997.000000 698 0.7001
998.000000 698 0.699399
999.000000 700 0.700701
1000.000000 702 0.702
